2025-05-05 21:51:55 INFO  [JavaFX Application Thread] com.zimenina.yuliya.util.Storage - Файл data.json не существует, возвращаем пустой список
2025-05-05 21:51:55 INFO  [JavaFX Application Thread] c.z.yuliya.controller.MainController - Данные успешно загружены из data.json. Количество записей: 0
2025-05-05 21:51:55 INFO  [JavaFX Application Thread] c.z.yuliya.controller.MainController - Инициализация завершена. Загружено записей: 0
2025-05-05 21:52:13 INFO  [JavaFX Application Thread] com.zimenina.yuliya.util.Storage - Сохранение данных в файл: data.json
2025-05-05 21:52:13 INFO  [JavaFX Application Thread] com.zimenina.yuliya.util.Storage - Данные сериализованы в JSON: []
2025-05-05 21:52:13 INFO  [JavaFX Application Thread] com.zimenina.yuliya.util.AESUtil - Данные успешно зашифрованы
2025-05-05 21:52:13 INFO  [JavaFX Application Thread] com.zimenina.yuliya.util.Storage - Данные зашифрованы
2025-05-05 21:52:13 INFO  [JavaFX Application Thread] com.zimenina.yuliya.util.Storage - Данные успешно записаны в файл
2025-05-05 21:52:17 INFO  [JavaFX Application Thread] c.z.yuliya.controller.MainController - Данные сохранены. Количество записей: 0
2025-05-05 21:52:19 INFO  [JavaFX Application Thread] c.z.yuliya.controller.MainController - Добавлена новая запись: facebook
2025-05-05 21:52:41 INFO  [JavaFX Application Thread] c.z.yuliya.controller.MainController - Добавлена новая запись: google
2025-05-05 21:52:43 INFO  [JavaFX Application Thread] com.zimenina.yuliya.util.Storage - Сохранение данных в файл: data.json
2025-05-05 21:52:43 INFO  [JavaFX Application Thread] com.zimenina.yuliya.util.Storage - Данные сериализованы в JSON: [{"service":"facebook","username":"asic-masic","password":"123445"},{"service":"google","username":"mario@gmail.com","password":"sdefewefw"}]
2025-05-05 21:52:43 INFO  [JavaFX Application Thread] com.zimenina.yuliya.util.AESUtil - Данные успешно зашифрованы
2025-05-05 21:52:43 INFO  [JavaFX Application Thread] com.zimenina.yuliya.util.Storage - Данные зашифрованы
2025-05-05 21:52:43 INFO  [JavaFX Application Thread] com.zimenina.yuliya.util.Storage - Данные успешно записаны в файл
2025-05-05 21:52:45 INFO  [JavaFX Application Thread] c.z.yuliya.controller.MainController - Данные сохранены. Количество записей: 2
2025-05-05 21:53:06 INFO  [JavaFX Application Thread] com.zimenina.yuliya.util.Storage - Данные прочитаны из файла: U1ip+OsHeUT3Of5A0rJSbq8Ms+zPpbWFWSmXRXHAcDLS2i3P66e70d7MdJuxXe51eCjmAB3Xx16xJnZzQnwxCsmkQagjqC2LwAf/qYnkdQvB/dnTIJaQ2RpE/ZezDfHFnf1dXucs33UQIh3np1p1jLHTcGy5e6Yka8iTzjwKb+waX4TcUVCh9y0xcfigvzh1
2025-05-05 21:53:07 INFO  [JavaFX Application Thread] com.zimenina.yuliya.util.AESUtil - Данные успешно расшифрованы
2025-05-05 21:53:07 INFO  [JavaFX Application Thread] com.zimenina.yuliya.util.Storage - Данные расшифрованы: [{"service":"facebook","username":"asic-masic","password":"123445"},{"service":"google","username":"mario@gmail.com","password":"sdefewefw"}]
2025-05-05 21:53:07 INFO  [JavaFX Application Thread] com.zimenina.yuliya.util.Storage - Данные десериализованы, записей: 2
2025-05-05 21:53:07 INFO  [JavaFX Application Thread] c.z.yuliya.controller.MainController - Данные успешно загружены из data.json. Количество записей: 2
2025-05-05 21:53:07 INFO  [JavaFX Application Thread] c.z.yuliya.controller.MainController - Инициализация завершена. Загружено записей: 2
2025-05-05 21:54:22 INFO  [JavaFX Application Thread] c.z.yuliya.controller.MainController - Удалена запись: facebook
2025-05-05 21:54:24 INFO  [JavaFX Application Thread] c.z.yuliya.controller.MainController - Удалена запись: google
2025-05-07 17:05:51 INFO  [JavaFX Application Thread] com.zimenina.yuliya.util.Storage - Data read from file: U1ip+OsHeUT3Of5A0rJSbq8Ms+zPpbWFWSmXRXHAcDLS2i3P66e70d7MdJuxXe51eCjmAB3Xx16xJnZzQnwxCsmkQagjqC2LwAf/qYnkdQvB/dnTIJaQ2RpE/ZezDfHFnf1dXucs33UQIh3np1p1jLHTcGy5e6Yka8iTzjwKb+waX4TcUVCh9y0xcfigvzh1
2025-05-07 17:05:51 INFO  [JavaFX Application Thread] com.zimenina.yuliya.util.AESUtil - Data successfully decrypted
2025-05-07 17:05:51 INFO  [JavaFX Application Thread] com.zimenina.yuliya.util.Storage - Data decrypted: [{"service":"facebook","username":"asic-masic","password":"123445"},{"service":"google","username":"mario@gmail.com","password":"sdefewefw"}]
2025-05-07 17:05:51 INFO  [JavaFX Application Thread] com.zimenina.yuliya.util.Storage - Data deserialized, records:2
2025-05-07 17:05:51 INFO  [JavaFX Application Thread] c.z.yuliya.controller.MainController - Data successfully loaded from data.json. Number of records: 2
2025-05-07 17:05:51 INFO  [JavaFX Application Thread] c.z.yuliya.controller.MainController - Initialization complete. Records loaded: 2
2025-05-07 17:07:47 INFO  [JavaFX Application Thread] com.zimenina.yuliya.util.Storage - Data read from file: U1ip+OsHeUT3Of5A0rJSbq8Ms+zPpbWFWSmXRXHAcDLS2i3P66e70d7MdJuxXe51eCjmAB3Xx16xJnZzQnwxCsmkQagjqC2LwAf/qYnkdQvB/dnTIJaQ2RpE/ZezDfHFnf1dXucs33UQIh3np1p1jLHTcGy5e6Yka8iTzjwKb+waX4TcUVCh9y0xcfigvzh1
2025-05-07 17:07:47 INFO  [JavaFX Application Thread] com.zimenina.yuliya.util.AESUtil - Data successfully decrypted
2025-05-07 17:07:47 INFO  [JavaFX Application Thread] com.zimenina.yuliya.util.Storage - Data decrypted: [{"service":"facebook","username":"asic-masic","password":"123445"},{"service":"google","username":"mario@gmail.com","password":"sdefewefw"}]
2025-05-07 17:07:47 INFO  [JavaFX Application Thread] com.zimenina.yuliya.util.Storage - Data deserialized, records:2
2025-05-07 17:07:47 INFO  [JavaFX Application Thread] c.z.yuliya.controller.MainController - Data successfully loaded from data.json. Number of records: 2
2025-05-07 17:07:47 INFO  [JavaFX Application Thread] c.z.yuliya.controller.MainController - Initialization complete. Records loaded: 2
2025-05-07 17:08:47 INFO  [JavaFX Application Thread] com.zimenina.yuliya.util.Storage - Data read from file: U1ip+OsHeUT3Of5A0rJSbq8Ms+zPpbWFWSmXRXHAcDLS2i3P66e70d7MdJuxXe51eCjmAB3Xx16xJnZzQnwxCsmkQagjqC2LwAf/qYnkdQvB/dnTIJaQ2RpE/ZezDfHFnf1dXucs33UQIh3np1p1jLHTcGy5e6Yka8iTzjwKb+waX4TcUVCh9y0xcfigvzh1
2025-05-07 17:08:48 INFO  [JavaFX Application Thread] com.zimenina.yuliya.util.AESUtil - Data successfully decrypted
2025-05-07 17:08:48 INFO  [JavaFX Application Thread] com.zimenina.yuliya.util.Storage - Data decrypted: [{"service":"facebook","username":"asic-masic","password":"123445"},{"service":"google","username":"mario@gmail.com","password":"sdefewefw"}]
2025-05-07 17:08:48 INFO  [JavaFX Application Thread] com.zimenina.yuliya.util.Storage - Data deserialized, records:2
2025-05-07 17:08:48 INFO  [JavaFX Application Thread] c.z.yuliya.controller.MainController - Data successfully loaded from data.json. Number of records: 2
2025-05-07 17:08:48 INFO  [JavaFX Application Thread] c.z.yuliya.controller.MainController - Initialization complete. Records loaded: 2
2025-05-07 17:13:30 INFO  [JavaFX Application Thread] com.zimenina.yuliya.util.Storage - Data read from file: U1ip+OsHeUT3Of5A0rJSbq8Ms+zPpbWFWSmXRXHAcDLS2i3P66e70d7MdJuxXe51eCjmAB3Xx16xJnZzQnwxCsmkQagjqC2LwAf/qYnkdQvB/dnTIJaQ2RpE/ZezDfHFnf1dXucs33UQIh3np1p1jLHTcGy5e6Yka8iTzjwKb+waX4TcUVCh9y0xcfigvzh1
2025-05-07 17:13:30 INFO  [JavaFX Application Thread] com.zimenina.yuliya.util.AESUtil - Data successfully decrypted
2025-05-07 17:13:30 INFO  [JavaFX Application Thread] com.zimenina.yuliya.util.Storage - Data decrypted: [{"service":"facebook","username":"asic-masic","password":"123445"},{"service":"google","username":"mario@gmail.com","password":"sdefewefw"}]
2025-05-07 17:13:30 INFO  [JavaFX Application Thread] com.zimenina.yuliya.util.Storage - Data deserialized, records:2
2025-05-07 17:13:30 INFO  [JavaFX Application Thread] c.z.yuliya.controller.MainController - Data successfully loaded from data.json. Number of records: 2
2025-05-07 17:13:30 INFO  [JavaFX Application Thread] c.z.yuliya.controller.MainController - Initialization complete. Records loaded: 2
2025-05-07 17:14:00 INFO  [JavaFX Application Thread] c.z.yuliya.controller.MainController - New entry added: bank
2025-05-07 17:17:40 INFO  [JavaFX Application Thread] com.zimenina.yuliya.util.Storage - Data read from file: U1ip+OsHeUT3Of5A0rJSbq8Ms+zPpbWFWSmXRXHAcDLS2i3P66e70d7MdJuxXe51eCjmAB3Xx16xJnZzQnwxCsmkQagjqC2LwAf/qYnkdQvB/dnTIJaQ2RpE/ZezDfHFnf1dXucs33UQIh3np1p1jLHTcGy5e6Yka8iTzjwKb+waX4TcUVCh9y0xcfigvzh1
2025-05-07 17:17:40 INFO  [JavaFX Application Thread] com.zimenina.yuliya.util.AESUtil - Data successfully decrypted
2025-05-07 17:17:40 INFO  [JavaFX Application Thread] com.zimenina.yuliya.util.Storage - Data decrypted: [{"service":"facebook","username":"asic-masic","password":"123445"},{"service":"google","username":"mario@gmail.com","password":"sdefewefw"}]
2025-05-07 17:17:40 INFO  [JavaFX Application Thread] com.zimenina.yuliya.util.Storage - Data deserialized, records:2
2025-05-07 17:17:40 INFO  [JavaFX Application Thread] c.z.yuliya.controller.MainController - Data successfully loaded from data.json. Number of records: 2
2025-05-07 17:17:40 INFO  [JavaFX Application Thread] c.z.yuliya.controller.MainController - Initialization complete. Records loaded: 2
2025-05-07 17:28:20 INFO  [JavaFX Application Thread] com.zimenina.yuliya.util.Storage - Data read from file: U1ip+OsHeUT3Of5A0rJSbq8Ms+zPpbWFWSmXRXHAcDLS2i3P66e70d7MdJuxXe51eCjmAB3Xx16xJnZzQnwxCsmkQagjqC2LwAf/qYnkdQvB/dnTIJaQ2RpE/ZezDfHFnf1dXucs33UQIh3np1p1jLHTcGy5e6Yka8iTzjwKb+waX4TcUVCh9y0xcfigvzh1
2025-05-07 17:28:20 INFO  [JavaFX Application Thread] com.zimenina.yuliya.util.AESUtil - Data successfully decrypted
2025-05-07 17:28:20 INFO  [JavaFX Application Thread] com.zimenina.yuliya.util.Storage - Data decrypted: [{"service":"facebook","username":"asic-masic","password":"123445"},{"service":"google","username":"mario@gmail.com","password":"sdefewefw"}]
2025-05-07 17:28:20 INFO  [JavaFX Application Thread] com.zimenina.yuliya.util.Storage - Data deserialized, records:2
2025-05-07 17:28:20 INFO  [JavaFX Application Thread] c.z.yuliya.controller.MainController - Data successfully loaded from data.json. Number of records: 2
2025-05-07 17:28:20 INFO  [JavaFX Application Thread] c.z.yuliya.controller.MainController - Initialization complete. Records loaded: 2
2025-05-07 17:31:42 INFO  [JavaFX Application Thread] com.zimenina.yuliya.util.Storage - Data read from file: U1ip+OsHeUT3Of5A0rJSbq8Ms+zPpbWFWSmXRXHAcDLS2i3P66e70d7MdJuxXe51eCjmAB3Xx16xJnZzQnwxCsmkQagjqC2LwAf/qYnkdQvB/dnTIJaQ2RpE/ZezDfHFnf1dXucs33UQIh3np1p1jLHTcGy5e6Yka8iTzjwKb+waX4TcUVCh9y0xcfigvzh1
2025-05-07 17:31:42 INFO  [JavaFX Application Thread] com.zimenina.yuliya.util.AESUtil - Data successfully decrypted
2025-05-07 17:31:42 INFO  [JavaFX Application Thread] com.zimenina.yuliya.util.Storage - Data decrypted: [{"service":"facebook","username":"asic-masic","password":"123445"},{"service":"google","username":"mario@gmail.com","password":"sdefewefw"}]
2025-05-07 17:31:42 INFO  [JavaFX Application Thread] com.zimenina.yuliya.util.Storage - Data deserialized, records:2
2025-05-07 17:31:42 INFO  [JavaFX Application Thread] c.z.yuliya.controller.MainController - Data successfully loaded from data.json. Number of records: 2
2025-05-07 17:31:42 INFO  [JavaFX Application Thread] c.z.yuliya.controller.MainController - Initialization complete. Records loaded: 2
2025-05-07 17:37:41 INFO  [JavaFX Application Thread] com.zimenina.yuliya.util.Storage - Data read from file: U1ip+OsHeUT3Of5A0rJSbq8Ms+zPpbWFWSmXRXHAcDLS2i3P66e70d7MdJuxXe51eCjmAB3Xx16xJnZzQnwxCsmkQagjqC2LwAf/qYnkdQvB/dnTIJaQ2RpE/ZezDfHFnf1dXucs33UQIh3np1p1jLHTcGy5e6Yka8iTzjwKb+waX4TcUVCh9y0xcfigvzh1
2025-05-07 17:37:41 INFO  [JavaFX Application Thread] com.zimenina.yuliya.util.AESUtil - Data successfully decrypted
2025-05-07 17:37:41 INFO  [JavaFX Application Thread] com.zimenina.yuliya.util.Storage - Data decrypted: [{"service":"facebook","username":"asic-masic","password":"123445"},{"service":"google","username":"mario@gmail.com","password":"sdefewefw"}]
2025-05-07 17:37:41 INFO  [JavaFX Application Thread] com.zimenina.yuliya.util.Storage - Data deserialized, records:2
2025-05-07 17:37:41 INFO  [JavaFX Application Thread] c.z.yuliya.controller.MainController - Data successfully loaded from data.json. Number of records: 2
2025-05-07 17:37:41 INFO  [JavaFX Application Thread] c.z.yuliya.controller.MainController - Initialization complete. Records loaded: 2
2025-05-07 17:40:42 INFO  [JavaFX Application Thread] com.zimenina.yuliya.util.Storage - Data read from file: U1ip+OsHeUT3Of5A0rJSbq8Ms+zPpbWFWSmXRXHAcDLS2i3P66e70d7MdJuxXe51eCjmAB3Xx16xJnZzQnwxCsmkQagjqC2LwAf/qYnkdQvB/dnTIJaQ2RpE/ZezDfHFnf1dXucs33UQIh3np1p1jLHTcGy5e6Yka8iTzjwKb+waX4TcUVCh9y0xcfigvzh1
2025-05-07 17:40:42 INFO  [JavaFX Application Thread] com.zimenina.yuliya.util.AESUtil - Data successfully decrypted
2025-05-07 17:40:42 INFO  [JavaFX Application Thread] com.zimenina.yuliya.util.Storage - Data decrypted: [{"service":"facebook","username":"asic-masic","password":"123445"},{"service":"google","username":"mario@gmail.com","password":"sdefewefw"}]
2025-05-07 17:40:42 INFO  [JavaFX Application Thread] com.zimenina.yuliya.util.Storage - Data deserialized, records:2
2025-05-07 17:40:42 INFO  [JavaFX Application Thread] c.z.yuliya.controller.MainController - Data successfully loaded from data.json. Number of records: 2
2025-05-07 17:40:42 INFO  [JavaFX Application Thread] c.z.yuliya.controller.MainController - Initialization complete. Records loaded: 2
2025-05-07 17:40:47 INFO  [JavaFX Application Thread] c.z.yuliya.controller.MainController - Fields cleared by user.
2025-05-07 17:41:01 INFO  [JavaFX Application Thread] c.z.yuliya.controller.MainController - Fields cleared by user.
2025-05-07 17:45:26 INFO  [JavaFX Application Thread] com.zimenina.yuliya.util.Storage - Data read from file: U1ip+OsHeUT3Of5A0rJSbq8Ms+zPpbWFWSmXRXHAcDLS2i3P66e70d7MdJuxXe51eCjmAB3Xx16xJnZzQnwxCsmkQagjqC2LwAf/qYnkdQvB/dnTIJaQ2RpE/ZezDfHFnf1dXucs33UQIh3np1p1jLHTcGy5e6Yka8iTzjwKb+waX4TcUVCh9y0xcfigvzh1
2025-05-07 17:45:26 INFO  [JavaFX Application Thread] com.zimenina.yuliya.util.AESUtil - Data successfully decrypted
2025-05-07 17:45:26 INFO  [JavaFX Application Thread] com.zimenina.yuliya.util.Storage - Data decrypted: [{"service":"facebook","username":"asic-masic","password":"123445"},{"service":"google","username":"mario@gmail.com","password":"sdefewefw"}]
2025-05-07 17:45:26 INFO  [JavaFX Application Thread] com.zimenina.yuliya.util.Storage - Data deserialized, records:2
2025-05-07 17:45:26 INFO  [JavaFX Application Thread] c.z.yuliya.controller.MainController - Data successfully loaded from data.json. Number of records: 2
2025-05-07 17:45:26 INFO  [JavaFX Application Thread] c.z.yuliya.controller.MainController - Initialization complete. Records loaded: 2
2025-05-07 17:48:48 INFO  [JavaFX Application Thread] com.zimenina.yuliya.util.Storage - Data read from file: U1ip+OsHeUT3Of5A0rJSbq8Ms+zPpbWFWSmXRXHAcDLS2i3P66e70d7MdJuxXe51eCjmAB3Xx16xJnZzQnwxCsmkQagjqC2LwAf/qYnkdQvB/dnTIJaQ2RpE/ZezDfHFnf1dXucs33UQIh3np1p1jLHTcGy5e6Yka8iTzjwKb+waX4TcUVCh9y0xcfigvzh1
2025-05-07 17:48:48 INFO  [JavaFX Application Thread] com.zimenina.yuliya.util.AESUtil - Data successfully decrypted
2025-05-07 17:48:48 INFO  [JavaFX Application Thread] com.zimenina.yuliya.util.Storage - Data decrypted: [{"service":"facebook","username":"asic-masic","password":"123445"},{"service":"google","username":"mario@gmail.com","password":"sdefewefw"}]
2025-05-07 17:48:48 INFO  [JavaFX Application Thread] com.zimenina.yuliya.util.Storage - Data deserialized, records:2
2025-05-07 17:48:48 INFO  [JavaFX Application Thread] c.z.yuliya.controller.MainController - Data successfully loaded from data.json. Number of records: 2
2025-05-07 17:48:48 INFO  [JavaFX Application Thread] c.z.yuliya.controller.MainController - Initialization complete. Records loaded: 2
2025-05-07 17:49:11 INFO  [JavaFX Application Thread] c.z.yuliya.controller.MainController - Fields cleared by user.
2025-05-07 17:51:36 INFO  [JavaFX Application Thread] com.zimenina.yuliya.util.Storage - Data read from file: U1ip+OsHeUT3Of5A0rJSbq8Ms+zPpbWFWSmXRXHAcDLS2i3P66e70d7MdJuxXe51eCjmAB3Xx16xJnZzQnwxCsmkQagjqC2LwAf/qYnkdQvB/dnTIJaQ2RpE/ZezDfHFnf1dXucs33UQIh3np1p1jLHTcGy5e6Yka8iTzjwKb+waX4TcUVCh9y0xcfigvzh1
2025-05-07 17:51:36 INFO  [JavaFX Application Thread] com.zimenina.yuliya.util.AESUtil - Data successfully decrypted
2025-05-07 17:51:36 INFO  [JavaFX Application Thread] com.zimenina.yuliya.util.Storage - Data decrypted: [{"service":"facebook","username":"asic-masic","password":"123445"},{"service":"google","username":"mario@gmail.com","password":"sdefewefw"}]
2025-05-07 17:51:36 INFO  [JavaFX Application Thread] com.zimenina.yuliya.util.Storage - Data deserialized, records:2
2025-05-07 17:51:36 INFO  [JavaFX Application Thread] c.z.yuliya.controller.MainController - Data successfully loaded from data.json. Number of records: 2
2025-05-07 17:51:36 INFO  [JavaFX Application Thread] c.z.yuliya.controller.MainController - Initialization complete. Records loaded: 2
2025-05-07 17:51:58 INFO  [JavaFX Application Thread] c.z.yuliya.controller.MainController - New entry added: fhty
2025-05-07 17:52:01 INFO  [JavaFX Application Thread] c.z.yuliya.controller.MainController - Record deleted: fhty
2025-05-07 17:52:12 INFO  [JavaFX Application Thread] c.z.yuliya.controller.MainController - Fields cleared by user.
2025-05-07 18:01:38 INFO  [JavaFX Application Thread] com.zimenina.yuliya.util.Storage - Data read from file: U1ip+OsHeUT3Of5A0rJSbq8Ms+zPpbWFWSmXRXHAcDLS2i3P66e70d7MdJuxXe51eCjmAB3Xx16xJnZzQnwxCsmkQagjqC2LwAf/qYnkdQvB/dnTIJaQ2RpE/ZezDfHFnf1dXucs33UQIh3np1p1jLHTcGy5e6Yka8iTzjwKb+waX4TcUVCh9y0xcfigvzh1
2025-05-07 18:01:38 INFO  [JavaFX Application Thread] com.zimenina.yuliya.util.AESUtil - Data successfully decrypted
2025-05-07 18:01:38 INFO  [JavaFX Application Thread] com.zimenina.yuliya.util.Storage - Data decrypted: [{"service":"facebook","username":"asic-masic","password":"123445"},{"service":"google","username":"mario@gmail.com","password":"sdefewefw"}]
2025-05-07 18:01:38 INFO  [JavaFX Application Thread] com.zimenina.yuliya.util.Storage - Data deserialized, records:2
2025-05-07 18:01:38 INFO  [JavaFX Application Thread] c.z.yuliya.controller.MainController - Data successfully loaded from data.json. Number of records: 2
2025-05-07 18:01:38 INFO  [JavaFX Application Thread] c.z.yuliya.controller.MainController - Initialization complete. Records loaded: 2
2025-05-07 18:24:11 INFO  [JavaFX Application Thread] com.zimenina.yuliya.util.Storage - Data read from file: U1ip+OsHeUT3Of5A0rJSbq8Ms+zPpbWFWSmXRXHAcDLS2i3P66e70d7MdJuxXe51eCjmAB3Xx16xJnZzQnwxCsmkQagjqC2LwAf/qYnkdQvB/dnTIJaQ2RpE/ZezDfHFnf1dXucs33UQIh3np1p1jLHTcGy5e6Yka8iTzjwKb+waX4TcUVCh9y0xcfigvzh1
2025-05-07 18:24:11 INFO  [JavaFX Application Thread] com.zimenina.yuliya.util.AESUtil - Data successfully decrypted
2025-05-07 18:24:11 INFO  [JavaFX Application Thread] com.zimenina.yuliya.util.Storage - Data decrypted: [{"service":"facebook","username":"asic-masic","password":"123445"},{"service":"google","username":"mario@gmail.com","password":"sdefewefw"}]
2025-05-07 18:24:11 INFO  [JavaFX Application Thread] com.zimenina.yuliya.util.Storage - Data deserialized, records:2
2025-05-07 18:24:11 INFO  [JavaFX Application Thread] c.z.yuliya.controller.MainController - Data successfully loaded from data.json. Number of records: 2
2025-05-07 18:24:11 INFO  [JavaFX Application Thread] c.z.yuliya.controller.MainController - Initialization complete. Records loaded: 2
2025-05-07 18:31:34 INFO  [JavaFX Application Thread] com.zimenina.yuliya.util.Storage - Data read from file: U1ip+OsHeUT3Of5A0rJSbq8Ms+zPpbWFWSmXRXHAcDLS2i3P66e70d7MdJuxXe51eCjmAB3Xx16xJnZzQnwxCsmkQagjqC2LwAf/qYnkdQvB/dnTIJaQ2RpE/ZezDfHFnf1dXucs33UQIh3np1p1jLHTcGy5e6Yka8iTzjwKb+waX4TcUVCh9y0xcfigvzh1
2025-05-07 18:31:34 INFO  [JavaFX Application Thread] com.zimenina.yuliya.util.AESUtil - Data successfully decrypted
2025-05-07 18:31:34 INFO  [JavaFX Application Thread] com.zimenina.yuliya.util.Storage - Data decrypted: [{"service":"facebook","username":"asic-masic","password":"123445"},{"service":"google","username":"mario@gmail.com","password":"sdefewefw"}]
2025-05-07 18:31:35 INFO  [JavaFX Application Thread] com.zimenina.yuliya.util.Storage - Data deserialized, records:2
2025-05-07 18:31:35 INFO  [JavaFX Application Thread] c.z.yuliya.controller.MainController - Данные успешно загружены из data.json. Количество записей: 2
2025-05-07 18:31:35 INFO  [JavaFX Application Thread] c.z.yuliya.controller.MainController - Инициализация завершена. Загружено записей: 2
